#
# A fatal error has been detected by the Java Runtime Environment:
#
#  Internal Error (os_windows_x86.cpp:114), pid=11816, tid=5948
#  Error: guarantee(result == -1,"Unexpected result from topLevelExceptionFilter")
#
# JRE version: 6.0_17-b04
# Java VM: Java HotSpot(TM) 64-Bit Server VM (14.3-b01 mixed mode windows-amd64 )
# If you would like to submit a bug report, please visit:
#   http://java.sun.com/webapps/bugreport/crash.jsp
# The crash happened outside the Java Virtual Machine in native code.
# See problematic frame for where to report the bug.
#

---------------  T H R E A D  ---------------

Current thread (0x000000000613e800):  JavaThread "main" [_thread_in_native, id=5948, stack(0x0000000000220000,0x0000000004220000)]

Stack: [0x0000000000220000,0x0000000004220000]
Java frames: (J=compiled Java code, j=interpreted, Vv=VM code)
j  com.mathworks.jmi.NativeMatlab.PostMatlabMessage(Ljava/lang/Object;J)V+0
j  com.mathworks.jmi.NativeMatlab.postMatlabMessage(Ljava/lang/Object;J)V+3
j  com.mathworks.jmi.NativeMatlab.postMatlabMessage(Ljava/lang/Object;)V+6
j  com.mathworks.jmi.MatlabLooper.postMatlabMessage(Lcom/mathworks/services/message/MWMessage;Lcom/mathworks/services/message/MWHandler;)V+30
j  com.mathworks.jmi.MatlabMCR.postAsync(Lcom/mathworks/services/message/MWMessage;Lcom/mathworks/jmi/CompletionObserver;Lcom/mathworks/jmi/MatlabListener;)V+34
j  com.mathworks.jmi.MatlabMCR.stderrString(Ljava/lang/String;)V+42
j  com.mathworks.jmi.MatlabErrStream.flush()V+42
j  java.io.PrintStream.write([BII)V+30
j  sun.nio.cs.StreamEncoder.writeBytes()V+120
j  sun.nio.cs.StreamEncoder.implFlushBuffer()V+11
j  sun.nio.cs.StreamEncoder.flushBuffer()V+15
j  java.io.OutputStreamWriter.flushBuffer()V+4
j  java.io.PrintStream.write(Ljava/lang/String;)V+27
j  java.io.PrintStream.print(Ljava/lang/String;)V+9
j  java.io.PrintStream.println(Ljava/lang/Object;)V+11
j  java.lang.Throwable.printStackTrace(Ljava/io/PrintStream;)V+6
j  java.lang.Throwable.printStackTrace()V+4
v  ~StubRoutines::call_stub
j  com.mathworks.jmi.NativeMatlab.PostMatlabMessage(Ljava/lang/Object;J)V+0
j  com.mathworks.jmi.NativeMatlab.postMatlabMessage(Ljava/lang/Object;J)V+3
j  com.mathworks.jmi.NativeMatlab.postMatlabMessage(Ljava/lang/Object;)V+6
j  com.mathworks.jmi.MatlabLooper.postMatlabMessage(Lcom/mathworks/services/message/MWMessage;Lcom/mathworks/services/message/MWHandler;)V+30
j  com.mathworks.jmi.MatlabMCR.postAsync(Lcom/mathworks/services/message/MWMessage;Lcom/mathworks/jmi/CompletionObserver;Lcom/mathworks/jmi/MatlabListener;)V+34
j  com.mathworks.jmi.MatlabMCR.stderrString(Ljava/lang/String;)V+42
j  com.mathworks.jmi.MatlabErrStream.flush()V+42
j  java.io.PrintStream.write([BII)V+30
j  sun.nio.cs.StreamEncoder.writeBytes()V+120
j  sun.nio.cs.StreamEncoder.implFlushBuffer()V+11
j  sun.nio.cs.StreamEncoder.flushBuffer()V+15
j  java.io.OutputStreamWriter.flushBuffer()V+4
j  java.io.PrintStream.write(Ljava/lang/String;)V+27
j  java.io.PrintStream.print(Ljava/lang/String;)V+9
j  java.io.PrintStream.println(Ljava/lang/Object;)V+11
j  java.lang.Throwable.printStackTrace(Ljava/io/PrintStream;)V+6
j  java.lang.Throwable.printStackTrace()V+4
v  ~StubRoutines::call_stub
j  com.mathworks.jmi.NativeMatlab.PostMatlabMessage(Ljava/lang/Object;J)V+0
j  com.mathworks.jmi.NativeMatlab.postMatlabMessage(Ljava/lang/Object;J)V+3
j  com.mathworks.jmi.NativeMatlab.postMatlabMessage(Ljava/lang/Object;)V+6
j  com.mathworks.jmi.MatlabLooper.postMatlabMessage(Lcom/mathworks/services/message/MWMessage;Lcom/mathworks/services/message/MWHandler;)V+30
j  com.mathworks.jmi.MatlabMCR.postAsync(Lcom/mathworks/services/message/MWMessage;Lcom/mathworks/jmi/CompletionObserver;Lcom/mathworks/jmi/MatlabListener;)V+34
j  com.mathworks.jmi.MatlabMCR.stderrString(Ljava/lang/String;)V+42
j  com.mathworks.jmi.MatlabErrStream.flush()V+42
j  java.io.PrintStream.write([BII)V+30
j  sun.nio.cs.StreamEncoder.writeBytes()V+120
j  sun.nio.cs.StreamEncoder.implFlushBuffer()V+11
j  sun.nio.cs.StreamEncoder.flushBuffer()V+15
j  java.io.OutputStreamWriter.flushBuffer()V+4
j  java.io.PrintStream.write(Ljava/lang/String;)V+27
j  java.io.PrintStream.print(Ljava/lang/String;)V+9
j  java.io.PrintStream.println(Ljava/lang/Object;)V+11
j  java.lang.Throwable.printStackTrace(Ljava/io/PrintStream;)V+6
j  java.lang.Throwable.printStackTrace()V+4
v  ~StubRoutines::call_stub

---------------  P R O C E S S  ---------------

Java Threads: ( => current thread )
  0x0000000056933000 JavaThread "AWT-EventQueue-0" [_thread_in_native, id=15052, stack(0x0000000058ca0000,0x0000000058d20000)]
  0x0000000056936000 JavaThread "Timer-63" [_thread_blocked, id=11716, stack(0x0000000029520000,0x00000000295a0000)]
  0x000000005692f800 JavaThread "pool-5-thread-1" [_thread_blocked, id=12732, stack(0x0000000028010000,0x0000000028090000)]
  0x0000000056931000 JavaThread "Code Analyzer updating thread" [_thread_blocked, id=12232, stack(0x00000000088c0000,0x0000000008940000)]
  0x0000000056937000 JavaThread "Code Analyzer updating thread" [_thread_blocked, id=8704, stack(0x00000000573f0000,0x0000000057470000)]
  0x000000005692f000 JavaThread "Active Reference Queue Daemon" daemon [_thread_blocked, id=13944, stack(0x0000000026f10000,0x0000000026f90000)]
  0x0000000056931800 JavaThread "Timer-52" daemon [_thread_blocked, id=14500, stack(0x0000000025e40000,0x0000000025ec0000)]
  0x0000000056930800 JavaThread "Timer-5" daemon [_thread_blocked, id=14664, stack(0x00000000577e0000,0x0000000057860000)]
  0x000000005692e000 JavaThread "Prefs Updater" daemon [_thread_blocked, id=13608, stack(0x00000000411b0000,0x0000000041230000)]
  0x000000005692d800 JavaThread "FelixPackageAdmin" daemon [_thread_blocked, id=13296, stack(0x0000000057640000,0x00000000576c0000)]
  0x000000005692c800 JavaThread "FelixStartLevel" daemon [_thread_blocked, id=6432, stack(0x00000000575a0000,0x0000000057620000)]
  0x000000005692c000 JavaThread "FelixDispatchQueue" daemon [_thread_blocked, id=14924, stack(0x0000000057510000,0x0000000057590000)]
  0x000000005692a800 JavaThread "TimerQueue" daemon [_thread_blocked, id=15284, stack(0x00000000493f0000,0x0000000049470000)]
  0x0000000056929000 JavaThread "com.google.common.base.internal.Finalizer" daemon [_thread_blocked, id=14700, stack(0x0000000051520000,0x00000000515a0000)]
  0x0000000056927800 JavaThread "AWT-Windows" daemon [_thread_blocked, id=12300, stack(0x000000000fa90000,0x000000000fb10000)]
  0x0000000056927000 JavaThread "AWT-Shutdown" [_thread_blocked, id=2476, stack(0x000000001d2b0000,0x000000001d330000)]
  0x0000000056924000 JavaThread "Java2D Disposer" daemon [_thread_blocked, id=13600, stack(0x0000000019180000,0x0000000019200000)]
  0x000000005622c800 JavaThread "Timer-0" [_thread_blocked, id=11940, stack(0x000000000ff80000,0x0000000010000000)]
  0x00000000563c3800 JavaThread "JMI Unnamed Thread" [_thread_in_native, id=14464, stack(0x0000000011000000,0x0000000015000000)]
  0x000000000fdca800 JavaThread "Low Memory Detector" daemon [_thread_blocked, id=9144, stack(0x000000000fb10000,0x000000000fb90000)]
  0x000000000fdc4000 JavaThread "CompilerThread1" daemon [_thread_blocked, id=6484, stack(0x00000000841f0000,0x00000000881f0000)]
  0x000000000fdbe000 JavaThread "CompilerThread0" daemon [_thread_blocked, id=15300, stack(0x0000000080000000,0x0000000084000000)]
  0x000000000fdbd000 JavaThread "Attach Listener" daemon [_thread_blocked, id=12012, stack(0x0000000010f00000,0x0000000010f80000)]
  0x000000000fd64800 JavaThread "Finalizer" daemon [_thread_blocked, id=14668, stack(0x000000000fef0000,0x000000000ff70000)]
  0x000000000fd56800 JavaThread "Reference Handler" daemon [_thread_blocked, id=13004, stack(0x000000000fe50000,0x000000000fed0000)]
=>0x000000000613e800 JavaThread "main" [_thread_in_native, id=5948, stack(0x0000000000220000,0x0000000004220000)]

Other Threads:
  0x000000000623d800 VMThread [stack: 0x0000000065300000,0x0000000069300000] [id=13604]
  0x000000000fdf7800 WatcherThread [stack: 0x0000000088340000,0x000000008c340000] [id=12776]

VM state:at safepoint (normal execution)

VM Mutex/Monitor currently owned by a thread:  ([mutex/lock_event])
[0x00000000061b2660] Threads_lock - owner thread: 0x000000000623d800
[0x00000000061b2b60] Heap_lock - owner thread: 0x0000000056927800

Heap
 PSYoungGen      total 27776K, used 11072K [0x000000003e0b0000, 0x0000000040d50000, 0x00000000411b0000)
  eden space 11072K, 100% used [0x000000003e0b0000,0x000000003eb80000,0x000000003eb80000)
  from space 16704K, 0% used [0x000000003eb80000,0x000000003eb80000,0x000000003fbd0000)
  to   space 16704K, 0% used [0x000000003fd00000,0x000000003fd00000,0x0000000040d50000)
 PSOldGen        total 150528K, used 150528K [0x0000000034db0000, 0x000000003e0b0000, 0x000000003e0b0000)
  object space 150528K, 100% used [0x0000000034db0000,0x000000003e0b0000,0x000000003e0b0000)
 PSPermGen       total 60992K, used 60929K [0x000000002cdb0000, 0x0000000030940000, 0x0000000034db0000)
  object space 60992K, 99% used [0x000000002cdb0000,0x0000000030930520,0x0000000030940000)

Dynamic libraries:
0x000000013f9b0000 - 0x000000013f9d9000 	D:\Program Files\MATLAB\R2011b\bin\win64\MATLAB.exe
0x0000000076ee0000 - 0x000000007708a000 	C:\Windows\SYSTEM32\ntdll.dll
0x0000000076cc0000 - 0x0000000076ddf000 	C:\Windows\system32\kernel32.dll
0x000007fefcf40000 - 0x000007fefcfaa000 	C:\Windows\system32\KERNELBASE.dll
0x0000000074460000 - 0x0000000074563000 	D:\Program Files\MATLAB\R2011b\bin\win64\libut.dll
0x00000000758a0000 - 0x0000000075944000 	D:\Program Files\MATLAB\R2011b\bin\win64\libmwi18n.dll
0x0000000180000000 - 0x000000018000b000 	D:\Program Files\MATLAB\R2011b\bin\win64\libmwresource_core.dll
0x000000006ed60000 - 0x000000006ee33000 	C:\Windows\WinSxS\amd64_microsoft.vc90.crt_1fc8b3b9a1e18e3b_9.0.30729.6161_none_08e61857a83bc251\MSVCP90.dll
0x00000000719d0000 - 0x0000000071a73000 	C:\Windows\WinSxS\amd64_microsoft.vc90.crt_1fc8b3b9a1e18e3b_9.0.30729.6161_none_08e61857a83bc251\MSVCR90.dll
0x000000007a170000 - 0x000000007a19c000 	D:\Program Files\MATLAB\R2011b\bin\win64\boost_filesystem-vc90-mt-1_44.dll
0x000000007a560000 - 0x000000007a569000 	D:\Program Files\MATLAB\R2011b\bin\win64\boost_system-vc90-mt-1_44.dll
0x000007fefefe0000 - 0x000007feff0bb000 	C:\Windows\system32\ADVAPI32.dll
0x000007fefd150000 - 0x000007fefd1ef000 	C:\Windows\system32\msvcrt.dll
0x000007fefeb70000 - 0x000007fefeb8f000 	C:\Windows\SYSTEM32\sechost.dll
0x000007fefeeb0000 - 0x000007fefefdd000 	C:\Windows\system32\RPCRT4.dll
0x000000007a010000 - 0x000000007a035000 	D:\Program Files\MATLAB\R2011b\bin\win64\LIBEXPAT.dll
0x00000000738f0000 - 0x0000000073ae1000 	D:\Program Files\MATLAB\R2011b\bin\win64\icuin44.dll
0x0000000073360000 - 0x00000000734d1000 	D:\Program Files\MATLAB\R2011b\bin\win64\icuuc44.dll
0x0000000010000000 - 0x0000000010e41000 	D:\Program Files\MATLAB\R2011b\bin\win64\icudt44.dll
0x0000000073f70000 - 0x00000000740b5000 	D:\Program Files\MATLAB\R2011b\bin\win64\libmwfl.dll
0x000000007a350000 - 0x000000007a556000 	D:\Program Files\MATLAB\R2011b\bin\win64\libmwMATLAB_res.dll
0x0000000000160000 - 0x0000000000170000 	D:\Program Files\MATLAB\R2011b\bin\win64\boost_date_time-vc90-mt-1_44.dll
0x000000007a250000 - 0x000000007a263000 	D:\Program Files\MATLAB\R2011b\bin\win64\boost_signals-vc90-mt-1_44.dll
0x000000007a2d0000 - 0x000000007a2e2000 	D:\Program Files\MATLAB\R2011b\bin\win64\boost_thread-vc90-mt-1_44.dll
0x00000000001a0000 - 0x00000000001e6000 	D:\Program Files\MATLAB\R2011b\bin\win64\tbb.dll
0x000007fefee90000 - 0x000007fefeea9000 	C:\Windows\system32\imagehlp.dll
0x00000000770b0000 - 0x00000000770b7000 	C:\Windows\system32\PSAPI.DLL
0x0000000079d80000 - 0x0000000079d93000 	D:\Program Files\MATLAB\R2011b\bin\win64\icuio44.dll
0x000007fef79b0000 - 0x000007fef7ad5000 	C:\Windows\system32\dbghelp.dll
0x0000000076de0000 - 0x0000000076eda000 	C:\Windows\system32\USER32.dll
0x000007fefd290000 - 0x000007fefd2f7000 	C:\Windows\system32\GDI32.dll
0x000007feff1e0000 - 0x000007feff1ee000 	C:\Windows\system32\LPK.dll
0x000007fefd020000 - 0x000007fefd0ea000 	C:\Windows\system32\USP10.dll
0x000000007bed0000 - 0x000000007c148000 	D:\Program Files\MATLAB\R2011b\bin\win64\libmwservices.dll
0x0000000075a20000 - 0x0000000075ad5000 	D:\Program Files\MATLAB\R2011b\bin\win64\libmx.dll
0x000000007a210000 - 0x000000007a228000 	D:\Program Files\MATLAB\R2011b\bin\win64\zlib1.dll
0x0000000074330000 - 0x0000000074453000 	D:\Program Files\MATLAB\R2011b\bin\win64\libmwmathutil.dll
0x0000000075f10000 - 0x0000000075f5d000 	D:\Program Files\MATLAB\R2011b\bin\win64\mpath.dll
0x000000007b680000 - 0x000000007bb4d000 	D:\Program Files\MATLAB\R2011b\bin\win64\mlutil.dll
0x0000000074ee0000 - 0x0000000074f5f000 	D:\Program Files\MATLAB\R2011b\bin\win64\xmlcore.dll
0x000000007bc30000 - 0x000000007be83000 	D:\Program Files\MATLAB\R2011b\bin\win64\xerces-c_2_7.dll
0x000007fefd800000 - 0x000007fefd84d000 	C:\Windows\system32\WS2_32.dll
0x000007feff1d0000 - 0x000007feff1d8000 	C:\Windows\system32\NSI.dll
0x0000000004290000 - 0x00000000042a6000 	D:\Program Files\MATLAB\R2011b\bin\win64\libmwsettings_res.dll
0x00000000042c0000 - 0x0000000004307000 	D:\Program Files\MATLAB\R2011b\bin\win64\boost_serialization-vc90-mt-1_44.dll
0x000007fefd850000 - 0x000007fefe5da000 	C:\Windows\system32\SHELL32.dll
0x000007fefeaf0000 - 0x000007fefeb61000 	C:\Windows\system32\SHLWAPI.dll
0x000007fef8c20000 - 0x000007fef8cc0000 	C:\Windows\WinSxS\amd64_microsoft.windows.common-controls_6595b64144ccf1df_5.82.7601.18837_none_a4d981ff711297b6\COMCTL32.dll
0x000007fefe7c0000 - 0x000007fefe857000 	C:\Windows\system32\COMDLG32.dll
0x000007fefa5e0000 - 0x000007fefa5f6000 	C:\Windows\system32\NETAPI32.dll
0x000007fefa5d0000 - 0x000007fefa5dc000 	C:\Windows\system32\netutils.dll
0x000007fefc960000 - 0x000007fefc983000 	C:\Windows\system32\srvcli.dll
0x000007fefa5b0000 - 0x000007fefa5c5000 	C:\Windows\system32\wkscli.dll
0x000007fefe860000 - 0x000007fefea63000 	C:\Windows\system32\ole32.dll
0x000007fefd720000 - 0x000007fefd7f8000 	C:\Windows\system32\OLEAUT32.dll
0x0000000074970000 - 0x0000000074a41000 	D:\Program Files\MATLAB\R2011b\bin\win64\mcr.dll
0x0000000075000000 - 0x0000000075324000 	D:\Program Files\MATLAB\R2011b\bin\win64\iqm.dll
0x0000000004440000 - 0x0000000004c10000 	D:\Program Files\MATLAB\R2011b\bin\win64\m_interpreter.dll
0x0000000079560000 - 0x0000000079575000 	D:\Program Files\MATLAB\R2011b\bin\win64\libmex.dll
0x0000000074cf0000 - 0x0000000074d9e000 	D:\Program Files\MATLAB\R2011b\bin\win64\m_dispatcher.dll
0x0000000074880000 - 0x000000007496d000 	D:\Program Files\MATLAB\R2011b\bin\win64\boost_regex-vc90-mt-1_44.dll
0x0000000004c50000 - 0x0000000004cd4000 	D:\Program Files\MATLAB\R2011b\bin\win64\profiler.dll
0x0000000079f40000 - 0x0000000079f73000 	D:\Program Files\MATLAB\R2011b\bin\win64\libmwmathrng.dll
0x0000000074c10000 - 0x0000000074cea000 	D:\Program Files\MATLAB\R2011b\bin\win64\libmwmathcore.dll
0x0000000076160000 - 0x00000000761cb000 	D:\Program Files\MATLAB\R2011b\bin\win64\libmwspmatrix.dll
0x0000000075ea0000 - 0x0000000075f02000 	D:\Program Files\MATLAB\R2011b\bin\win64\libmwcholmod.dll
0x0000000004d30000 - 0x0000000004d3d000 	D:\Program Files\MATLAB\R2011b\bin\win64\libmwamd.dll
0x0000000004d50000 - 0x0000000004d5c000 	D:\Program Files\MATLAB\R2011b\bin\win64\libmwcolamd.dll
0x0000000079970000 - 0x0000000079989000 	D:\Program Files\MATLAB\R2011b\bin\win64\libmwblas.dll
0x0000000079e60000 - 0x0000000079e72000 	D:\Program Files\MATLAB\R2011b\bin\win64\libmwbinder.dll
0x0000000058eb0000 - 0x0000000058ebb000 	D:\Program Files\MATLAB\R2011b\bin\win64\libmwompwrapper.dll
0x0000000075430000 - 0x00000000754b2000 	D:\Program Files\MATLAB\R2011b\bin\win64\libmwlapack.dll
0x0000000079920000 - 0x0000000079941000 	D:\Program Files\MATLAB\R2011b\bin\win64\m_pcodeio.dll
0x0000000079b10000 - 0x0000000079b77000 	D:\Program Files\MATLAB\R2011b\bin\win64\m_ir.dll
0x0000000078120000 - 0x0000000078760000 	D:\Program Files\MATLAB\R2011b\bin\win64\m_parser.dll
0x0000000004de0000 - 0x0000000004dfa000 	D:\Program Files\MATLAB\R2011b\bin\win64\ir_xfmr.dll
0x000000007a7f0000 - 0x000000007aa75000 	D:\Program Files\MATLAB\R2011b\bin\win64\mcos.dll
0x00000000578c0000 - 0x00000000578cc000 	D:\Program Files\MATLAB\R2011b\bin\win64\mtok.dll
0x0000000004e30000 - 0x0000000004e61000 	D:\Program Files\MATLAB\R2011b\bin\win64\m_pcodegen.dll
0x0000000079fb0000 - 0x0000000079fe5000 	D:\Program Files\MATLAB\R2011b\bin\win64\libmwbridge.dll
0x0000000004e90000 - 0x0000000004f58000 	D:\Program Files\MATLAB\R2011b\bin\win64\udd.dll
0x0000000004f70000 - 0x00000000050b7000 	D:\Program Files\MATLAB\R2011b\bin\win64\libmwgui.dll
0x000000007a070000 - 0x000000007a087000 	D:\Program Files\MATLAB\R2011b\bin\win64\graphics_util.dll
0x00000000050e0000 - 0x0000000005a90000 	D:\Program Files\MATLAB\R2011b\bin\win64\hg.dll
0x0000000076100000 - 0x0000000076158000 	D:\Program Files\MATLAB\R2011b\bin\win64\libmat.dll
0x0000000072d30000 - 0x0000000072f44000 	D:\Program Files\MATLAB\R2011b\bin\win64\hdf5dll.dll
0x0000000075710000 - 0x000000007579d000 	D:\Program Files\MATLAB\R2011b\bin\win64\jmi.dll
0x0000000005ad0000 - 0x0000000005ade000 	D:\Program Files\MATLAB\R2011b\bin\win64\nativejava_services.dll
0x0000000005af0000 - 0x0000000005b33000 	D:\Program Files\MATLAB\R2011b\bin\win64\libmwhardcopy.dll
0x0000000075580000 - 0x00000000755e3000 	D:\Program Files\MATLAB\R2011b\bin\win64\libuij.dll
0x0000000072830000 - 0x0000000072a37000 	D:\Program Files\MATLAB\R2011b\bin\win64\hgdatatypes.dll
0x0000000074ae0000 - 0x0000000074bd9000 	D:\Program Files\MATLAB\R2011b\bin\win64\hgutils.dll
0x0000000005b80000 - 0x0000000005c3d000 	D:\Program Files\MATLAB\R2011b\bin\win64\udd_mi.dll
0x0000000005c50000 - 0x0000000005f19000 	D:\Program Files\MATLAB\R2011b\bin\win64\uiw.dll
0x00000000576e0000 - 0x00000000576ef000 	D:\Program Files\MATLAB\R2011b\bin\win64\uinone.dll
0x000007fef7720000 - 0x000007fef7738000 	C:\Windows\system32\MPR.dll
0x0000000077bc0000 - 0x00000000780a4000 	C:\Windows\WinSxS\amd64_microsoft.vc90.mfc_1fc8b3b9a1e18e3b_9.0.30729.6161_none_044aad0bab1eb146\mfc90.dll
0x000007fef9000000 - 0x000007fef9007000 	C:\Windows\system32\MSIMG32.dll
0x000007fef8ba0000 - 0x000007fef8c11000 	C:\Windows\system32\WINSPOOL.DRV
0x0000000079290000 - 0x00000000792b1000 	D:\Program Files\MATLAB\R2011b\bin\win64\mwoles05.DLL
0x0000000005f50000 - 0x0000000005fc5000 	D:\Program Files\MATLAB\R2011b\bin\win64\comcli.dll
0x000000006c8f0000 - 0x000000006c91f000 	C:\Windows\WinSxS\amd64_microsoft.vc90.atl_1fc8b3b9a1e18e3b_9.0.30729.6161_none_0a1fd3a3a768b895\ATL90.DLL
0x0000000057890000 - 0x000000005789c000 	D:\Program Files\MATLAB\R2011b\bin\win64\mlautoregister.dll
0x0000000005ff0000 - 0x0000000006000000 	D:\Program Files\MATLAB\R2011b\bin\win64\boost_iostreams-vc90-mt-1_44.dll
0x000007fefeb90000 - 0x000007fefebbe000 	C:\Windows\system32\IMM32.DLL
0x000007feff0c0000 - 0x000007feff1c9000 	C:\Windows\system32\MSCTF.dll
0x000007fefb360000 - 0x000007fefb3b6000 	C:\Windows\system32\UxTheme.dll
0x000007fefb3f0000 - 0x000007fefb408000 	C:\Windows\system32\dwmapi.dll
0x0000000070e10000 - 0x0000000070e1d000 	C:\Windows\WinSxS\amd64_microsoft.vc90.mfcloc_1fc8b3b9a1e18e3b_9.0.30729.6161_none_01c9581e60cbee58\MFC90ENU.DLL
0x00000000063f0000 - 0x0000000006419000 	D:\Program Files\MATLAB\R2011b\bin\win64\tbbmalloc.dll
0x000007fee05a0000 - 0x000007fee05ef000 	D:\Program Files\Anaconda3\Library\bin\cilkrts20.dll
0x000007fefcc70000 - 0x000007fefcc7f000 	C:\Windows\system32\profapi.dll
0x000007fefa950000 - 0x000007fefa977000 	C:\Windows\system32\iphlpapi.dll
0x000007fefa940000 - 0x000007fefa94b000 	C:\Windows\system32\WINNSI.DLL
0x000007fefc280000 - 0x000007fefc2db000 	C:\Windows\system32\DNSAPI.dll
0x000007fefa840000 - 0x000007fefa851000 	C:\Windows\system32\dhcpcsvc6.DLL
0x000007fefa820000 - 0x000007fefa838000 	C:\Windows\system32\dhcpcsvc.DLL
0x00000000707f0000 - 0x00000000707f3000 	C:\Windows\system32\icmp.Dll
0x000007fefcac0000 - 0x000007fefcacf000 	C:\Windows\system32\CRYPTBASE.dll
0x000007fefce50000 - 0x000007fefce86000 	C:\Windows\system32\CFGMGR32.dll
0x0000000078870000 - 0x0000000078ecd000 	D:\Program Files\MATLAB\R2011b\sys\java\jre\win64\jre\bin\server\jvm.dll
0x000007fef9fa0000 - 0x000007fef9fdb000 	C:\Windows\system32\WINMM.dll
0x0000000008600000 - 0x000000000860e000 	D:\Program Files\MATLAB\R2011b\sys\java\jre\win64\jre\bin\verify.dll
0x000000000a280000 - 0x000000000a2a7000 	D:\Program Files\MATLAB\R2011b\sys\java\jre\win64\jre\bin\java.dll
0x000000000a2d0000 - 0x000000000a2da000 	D:\Program Files\MATLAB\R2011b\sys\java\jre\win64\jre\bin\hpi.dll
0x000000000a2f0000 - 0x000000000a302000 	D:\Program Files\MATLAB\R2011b\sys\java\jre\win64\jre\bin\zip.dll
0x0000000075b90000 - 0x0000000075bfb000 	D:\Program Files\MATLAB\R2011b\sys\java\jre\win64\jre\bin\fontmanager.dll
0x0000000073150000 - 0x0000000073311000 	D:\Program Files\MATLAB\R2011b\sys\java\jre\win64\jre\bin\awt.dll

VM Arguments:
jvm_args: -Xss512k -XX:PermSize=32m -Xms64m -XX:NewRatio=3 -XX:MaxPermSize=128m -Xmx196m -XX:MaxDirectMemorySize=2147400000 -Dsun.java2d.noddraw=true -Dsun.awt.nopixfmt=true -Xshare:off -Xrs -Dsun.awt.disableMixing=true -Djava.library.path=D:\Program Files\MATLAB\R2011b\bin\win64 vfprintf abort 
java_command: <unknown>
Launcher Type: generic

Environment Variables:
PATH=C:\ProgramData\Oracle\Java\javapath;C:\Program Files (x86)\NVIDIA Corporation\PhysX\Common;C:\Program Files (x86)\Intel\iCLS Client\;C:\Program Files\Intel\iCLS Client\;C:\Windows\system32;C:\Windows;C:\Windows\System32\Wbem;C:\Windows\System32\WindowsPowerShell\v1.0\;C:\Program Files\Intel\Intel(R) Management Engine Components\DAL;C:\Program Files (x86)\Intel\Intel(R) Management Engine Components\DAL;C:\Program Files\Intel\Intel(R) Management Engine Components\IPT;C:\Program Files (x86)\Intel\Intel(R) Management Engine Components\IPT;C:\Program Files (x86)\Microsoft SQL Server\100\Tools\Binn\;C:\Program Files (x86)\Microsoft SQL Server\100\DTS\Binn\;D:\Program Files\MATLAB\R2011b\runtime\win64;D:\Program Files\MATLAB\R2011b\bin;D:\Program Files\Anaconda3;D:\Program Files\Anaconda3\Scripts;D:\Program Files\Anaconda3\Library\bin;D:\Program Files\MiKTeX 2.9\miktex\bin\x64\;C:\Program Files (x86)\Microsoft SQL Server\90\Tools\binn\;C:\Program Files (x86)\Windows Kits\8.1\Windows Performance Toolkit\;C:\Program Files\Git\cmd;D:\Program Files (x86)\Nmap
USERNAME=Mike
OS=Windows_NT
PROCESSOR_IDENTIFIER=Intel64 Family 6 Model 60 Stepping 3, GenuineIntel



---------------  S Y S T E M  ---------------

OS: Windows 7 Build 7601 Service Pack 1

CPU:total 8 (8 cores per cpu, 2 threads per core) family 6 model 60 stepping 3, cmov, cx8, fxsr, mmx, sse, sse2, sse3, ssse3, sse4.1, sse4.2, ht

Memory: 4k page, physical 33495908k(26662232k free), swap 66989960k(54625308k free)

vm_info: Java HotSpot(TM) 64-Bit Server VM (14.3-b01) for windows-amd64 JRE (1.6.0_17-b04), built on Oct 11 2009 00:46:08 by "java_re" with MS VC++ 8.0

time: Tue May 03 20:22:15 2016
elapsed time: 4626 seconds

